Arguments: 
  /usr/local/bin/node /usr/local/Cellar/yarn/1.5.1_1/libexec/bin/yarn.js add

PATH: 
  /bin:/sbin:/usr/bin:/usr/local/sbin:/usr/local/bin:/usr/local/bin:/usr/bin:/bin:/usr/sbin:/sbin:/usr/local/sbin

Yarn version: 
  1.5.1

Node version: 
  9.10.1

Platform: 
  darwin x64

npm manifest: 
  {
    "name": "course-directory",
    "version": "0.1.0",
    "private": true,
    "devDependencies": {
      "react-scripts": "1.0.6"
    },
    "dependencies": {
      "react": "^15.5.4",
      "react-dom": "^15.5.4",
      "react-router-dom": "^4.1.1"
    },
    "scripts": {
      "start": "react-scripts start",
      "build": "react-scripts build",
      "test": "react-scripts test --env=jsdom",
      "eject": "react-scripts eject"
    }
  }

yarn manifest: 
  No manifest

Lockfile: 
  No lockfile

Trace: 
  Error: Missing list of packages to add to your project.
      at new MessageError (/usr/local/Cellar/yarn/1.5.1_1/libexec/lib/cli.js:186:110)
      at Object.<anonymous> (/usr/local/Cellar/yarn/1.5.1_1/libexec/lib/cli.js:40587:13)
      at Generator.next (<anonymous>)
      at step (/usr/local/Cellar/yarn/1.5.1_1/libexec/lib/cli.js:98:30)
      at /usr/local/Cellar/yarn/1.5.1_1/libexec/lib/cli.js:116:14
      at new Promise (<anonymous>)
      at new F (/usr/local/Cellar/yarn/1.5.1_1/libexec/lib/cli.js:23451:28)
      at Object.<anonymous> (/usr/local/Cellar/yarn/1.5.1_1/libexec/lib/cli.js:95:12)
      at Object.run (/usr/local/Cellar/yarn/1.5.1_1/libexec/lib/cli.js:40599:19)
      at run (/usr/local/Cellar/yarn/1.5.1_1/libexec/lib/cli.js:89113:20)
